<?xml version="1.0" encoding="UTF-8"?>
<testsuite xmlns:xsi="http://www.w3.org/2001/XMLSchema-instance" xsi:noNamespaceSchemaLocation="https://maven.apache.org/surefire/maven-surefire-plugin/xsd/surefire-test-report-3.0.xsd" version="3.0" name="com.santiago.app.SearchengineappApplicationTests" time="2.52" tests="1" errors="0" skipped="0" failures="0">
  <properties>
[...]
</properties>
  <testcase name="contextLoads" classname="com.santiago.app.SearchengineappApplicationTests" time="0.634">
    <system-out><![CDATA[07:19:40.245 [main] INFO org.springframework.test.context.support.AnnotationConfigContextLoaderUtils -- Could not detect default configuration classes for test class [com.santiago.app.SearchengineappApplicationTests]: SearchengineappApplicationTests does not declare any static, non-private, non-final, nested classes annotated with @Configuration.
07:19:40.338 [main] INFO org.springframework.boot.test.context.SpringBootTestContextBootstrapper -- Found @SpringBootConfiguration com.santiago.app.SearchengineappApplication for test class com.santiago.app.SearchengineappApplicationTests

  .   ____          _            __ _ _
 /\\ / ___'_ __ _ _(_)_ __  __ _ \ \ \ \
( ( )\___ | '_ | '_| | '_ \/ _` | \ \ \ \
 \\/  ___)| |_)| | | | | || (_| |  ) ) ) )
  '  |____| .__|_| |_|_| |_\__, | / / / /
 =========|_|==============|___/=/_/_/_/

 :: Spring Boot ::                (v3.4.5)

2025-06-11T07:19:40.757-05:00  INFO 16408 --- [familibro] [           main] c.s.app.SearchengineappApplicationTests  : Starting SearchengineappApplicationTests using Java 17.0.15 with PID 16408 (started by santiagoserpa55 in C:\familibro-app-sources\searchengineapp)
2025-06-11T07:19:40.758-05:00  INFO 16408 --- [familibro] [           main] c.s.app.SearchengineappApplicationTests  : No active profile set, falling back to 1 default profile: "default"
2025-06-11T07:19:42.006-05:00  INFO 16408 --- [familibro] [           main] c.s.app.SearchengineappApplicationTests  : Started SearchengineappApplicationTests in 1.541 seconds (process running for 2.269)
]]></system-out>
  </testcase>
</testsuite>